# JRE version: Java(TM) SE Runtime Environment (8.0_31-b13) (build 1.8.0_31-b13)
# Java VM: Java HotSpot(TM) 64-Bit Server VM (25.31-b07 mixed mode windows-amd64 compressed oops)
Heap:
 PSYoungGen      total 288256K, used 18104K [0x00000000e0000000, 0x00000000f7780000, 0x0000000100000000)
  eden space 250880K, 0% used [0x00000000e0000000,0x00000000e0000000,0x00000000ef500000)
  from space 37376K, 48% used [0x00000000ef500000,0x00000000f06ae1b0,0x00000000f1980000)
  to   space 36352K, 0% used [0x00000000f5400000,0x00000000f5400000,0x00000000f7780000)
 ParOldGen       total 133632K, used 110814K [0x00000000a0000000, 0x00000000a8280000, 0x00000000e0000000)
  object space 133632K, 82% used [0x00000000a0000000,0x00000000a6c37a78,0x00000000a8280000)
 Metaspace       used 72624K, capacity 76556K, committed 76712K, reserved 1116160K
  class space    used 9582K, capacity 10392K, committed 10408K, reserved 1048576K
GC Heap History (10 events):
Event: 492.879 GC heap after
Heap after GC invocations=30 (full 4):
 PSYoungGen      total 281600K, used 5200K [0x00000000e0000000, 0x00000000f2e00000, 0x0000000100000000)
  eden space 268288K, 0% used [0x00000000e0000000,0x00000000e0000000,0x00000000f0600000)
  from space 13312K, 39% used [0x00000000f2100000,0x00000000f2614010,0x00000000f2e00000)
  to   space 20480K, 0% used [0x00000000f0600000,0x00000000f0600000,0x00000000f1a00000)
 ParOldGen       total 66048K, used 58961K [0x00000000a0000000, 0x00000000a4080000, 0x00000000e0000000)
  object space 66048K, 89% used [0x00000000a0000000,0x00000000a3994748,0x00000000a4080000)
 Metaspace       used 61999K, capacity 65750K, committed 66088K, reserved 1105920K
  class space    used 8399K, capacity 9169K, committed 9256K, reserved 1048576K
}
Event: 492.879 GC heap before
{Heap before GC invocations=31 (full 5):
 PSYoungGen      total 281600K, used 5200K [0x00000000e0000000, 0x00000000f2e00000, 0x0000000100000000)
  eden space 268288K, 0% used [0x00000000e0000000,0x00000000e0000000,0x00000000f0600000)
  from space 13312K, 39% used [0x00000000f2100000,0x00000000f2614010,0x00000000f2e00000)
  to   space 20480K, 0% used [0x00000000f0600000,0x00000000f0600000,0x00000000f1a00000)
 ParOldGen       total 66048K, used 58961K [0x00000000a0000000, 0x00000000a4080000, 0x00000000e0000000)
  object space 66048K, 89% used [0x00000000a0000000,0x00000000a3994748,0x00000000a4080000)
 Metaspace       used 61999K, capacity 65750K, committed 66088K, reserved 1105920K
  class space    used 8399K, capacity 9169K, committed 9256K, reserved 1048576K
Event: 493.158 GC heap after
Heap after GC invocations=31 (full 5):
 PSYoungGen      total 281600K, used 0K [0x00000000e0000000, 0x00000000f2e00000, 0x0000000100000000)
  eden space 268288K, 0% used [0x00000000e0000000,0x00000000e0000000,0x00000000f0600000)
  from space 13312K, 0% used [0x00000000f2100000,0x00000000f2100000,0x00000000f2e00000)
  to   space 20480K, 0% used [0x00000000f0600000,0x00000000f0600000,0x00000000f1a00000)
 ParOldGen       total 133632K, used 63145K [0x00000000a0000000, 0x00000000a8280000, 0x00000000e0000000)
  object space 133632K, 47% used [0x00000000a0000000,0x00000000a3daa668,0x00000000a8280000)
 Metaspace       used 61966K, capacity 65630K, committed 66088K, reserved 1105920K
  class space    used 8389K, capacity 9129K, committed 9256K, reserved 1048576K
}
Event: 537.915 GC heap before
{Heap before GC invocations=32 (full 5):
 PSYoungGen      total 281600K, used 268288K [0x00000000e0000000, 0x00000000f2e00000, 0x0000000100000000)
  eden space 268288K, 100% used [0x00000000e0000000,0x00000000f0600000,0x00000000f0600000)
  from space 13312K, 0% used [0x00000000f2100000,0x00000000f2100000,0x00000000f2e00000)
  to   space 20480K, 0% used [0x00000000f0600000,0x00000000f0600000,0x00000000f1a00000)
 ParOldGen       total 133632K, used 63145K [0x00000000a0000000, 0x00000000a8280000, 0x00000000e0000000)
  object space 133632K, 47% used [0x00000000a0000000,0x00000000a3daa668,0x00000000a8280000)
 Metaspace       used 69332K, capacity 73164K, committed 73384K, reserved 1112064K
  class space    used 9299K, capacity 10074K, committed 10152K, reserved 1048576K
Event: 537.938 GC heap after
Heap after GC invocations=32 (full 5):
 PSYoungGen      total 277504K, used 19571K [0x00000000e0000000, 0x00000000f2980000, 0x0000000100000000)
  eden space 257536K, 0% used [0x00000000e0000000,0x00000000e0000000,0x00000000efb80000)
  from space 19968K, 98% used [0x00000000f0600000,0x00000000f191ce48,0x00000000f1980000)
  to   space 16384K, 0% used [0x00000000f1980000,0x00000000f1980000,0x00000000f2980000)
 ParOldGen       total 133632K, used 63153K [0x00000000a0000000, 0x00000000a8280000, 0x00000000e0000000)
  object space 133632K, 47% used [0x00000000a0000000,0x00000000a3dac668,0x00000000a8280000)
 Metaspace       used 69332K, capacity 73164K, committed 73384K, reserved 1112064K
  class space    used 9299K, capacity 10074K, committed 10152K, reserved 1048576K
}
Event: 541.171 GC heap before
{Heap before GC invocations=33 (full 5):
 PSYoungGen      total 277504K, used 277107K [0x00000000e0000000, 0x00000000f2980000, 0x0000000100000000)
  eden space 257536K, 100% used [0x00000000e0000000,0x00000000efb80000,0x00000000efb80000)
  from space 19968K, 98% used [0x00000000f0600000,0x00000000f191ce48,0x00000000f1980000)
  to   space 16384K, 0% used [0x00000000f1980000,0x00000000f1980000,0x00000000f2980000)
 ParOldGen       total 133632K, used 63153K [0x00000000a0000000, 0x00000000a8280000, 0x00000000e0000000)
  object space 133632K, 47% used [0x00000000a0000000,0x00000000a3dac668,0x00000000a8280000)
 Metaspace       used 72238K, capacity 76236K, committed 76456K, reserved 1116160K
  class space    used 9576K, capacity 10392K, committed 10408K, reserved 1048576K
Event: 541.252 GC heap after
Heap after GC invocations=33 (full 5):
 PSYoungGen      total 267264K, used 16382K [0x00000000e0000000, 0x00000000f7980000, 0x0000000100000000)
  eden space 250880K, 0% used [0x00000000e0000000,0x00000000e0000000,0x00000000ef500000)
  from space 16384K, 99% used [0x00000000f1980000,0x00000000f297f8f0,0x00000000f2980000)
  to   space 37376K, 0% used [0x00000000ef500000,0x00000000ef500000,0x00000000f1980000)
 ParOldGen       total 133632K, used 96599K [0x00000000a0000000, 0x00000000a8280000, 0x00000000e0000000)
  object space 133632K, 72% used [0x00000000a0000000,0x00000000a5e55e48,0x00000000a8280000)
 Metaspace       used 72238K, capacity 76236K, committed 76456K, reserved 1116160K
  class space    used 9576K, capacity 10392K, committed 10408K, reserved 1048576K
}
Event: 542.687 GC heap before
{Heap before GC invocations=34 (full 5):
 PSYoungGen      total 267264K, used 267262K [0x00000000e0000000, 0x00000000f7980000, 0x0000000100000000)
  eden space 250880K, 100% used [0x00000000e0000000,0x00000000ef500000,0x00000000ef500000)
  from space 16384K, 99% used [0x00000000f1980000,0x00000000f297f8f0,0x00000000f2980000)
  to   space 37376K, 0% used [0x00000000ef500000,0x00000000ef500000,0x00000000f1980000)
 ParOldGen       total 133632K, used 96599K [0x00000000a0000000, 0x00000000a8280000, 0x00000000e0000000)
  object space 133632K, 72% used [0x00000000a0000000,0x00000000a5e55e48,0x00000000a8280000)
 Metaspace       used 72624K, capacity 76556K, committed 76712K, reserved 1116160K
  class space    used 9582K, capacity 10392K, committed 10408K, reserved 1048576K
Event: 542.749 GC heap after
Heap after GC invocations=34 (full 5):
 PSYoungGen      total 288256K, used 18104K [0x00000000e0000000, 0x00000000f7780000, 0x0000000100000000)
  eden space 250880K, 0% used [0x00000000e0000000,0x00000000e0000000,0x00000000ef500000)
  from space 37376K, 48% used [0x00000000ef500000,0x00000000f06ae1b0,0x00000000f1980000)
  to   space 36352K, 0% used [0x00000000f5400000,0x00000000f5400000,0x00000000f7780000)
 ParOldGen       total 133632K, used 110814K [0x00000000a0000000, 0x00000000a8280000, 0x00000000e0000000)
  object space 133632K, 82% used [0x00000000a0000000,0x00000000a6c37a78,0x00000000a8280000)
 Metaspace       used 72624K, capacity 76556K, committed 76712K, reserved 1116160K
  class space    used 9582K, capacity 10392K, committed 10408K, reserved 1048576K
}
Event: 542.749 GC heap before
{Heap before GC invocations=35 (full 6):
 PSYoungGen      total 288256K, used 18104K [0x00000000e0000000, 0x00000000f7780000, 0x0000000100000000)
  eden space 250880K, 0% used [0x00000000e0000000,0x00000000e0000000,0x00000000ef500000)
  from space 37376K, 48% used [0x00000000ef500000,0x00000000f06ae1b0,0x00000000f1980000)
  to   space 36352K, 0% used [0x00000000f5400000,0x00000000f5400000,0x00000000f7780000)
 ParOldGen       total 133632K, used 110814K [0x00000000a0000000, 0x00000000a8280000, 0x00000000e0000000)
  object space 133632K, 82% used [0x00000000a0000000,0x00000000a6c37a78,0x00000000a8280000)
 Metaspace       used 72624K, capacity 76556K, committed 76712K, reserved 1116160K
  class space    used 9582K, capacity 10392K, committed 10408K, reserved 1048576K

